<?xml version="1.0" encoding="UTF-8"?>
<!-- Generated by org.testng.reporters.JUnitReportReporter -->
<testsuite hostname="LAPTOP-IFJDGCLM" failures="0" tests="1" name="parameterRA.FormParameter" time="2.857" errors="0" timestamp="2023-01-10T17:29:38 IST" skipped="0">
  <testcase classname="parameterRA.FormParameter" name="pathParamTest" time="2.857"/>
  <system-out/>
</testsuite> <!-- parameterRA.FormParameter -->
