<?xml version="1.0" encoding="UTF-8"?>
<!-- Generated by org.testng.reporters.JUnitReportReporter -->
<testsuite hostname="LAPTOP-IFJDGCLM" failures="0" tests="1" name="bddPrac.GetAllProjectBDD" time="2.122" errors="0" timestamp="2023-01-16T12:05:03 IST" skipped="0">
  <testcase classname="bddPrac.GetAllProjectBDD" name="getAllProjectTest" time="2.122"/>
  <system-out/>
</testsuite> <!-- bddPrac.GetAllProjectBDD -->
