<?xml version="1.0" encoding="UTF-8"?>
<!-- Generated by org.testng.reporters.JUnitReportReporter -->
<testsuite hostname="LAPTOP-IFJDGCLM" failures="0" tests="1" name="parameterRA.PathParamEx" time="1.693" errors="0" timestamp="2023-01-10T17:42:28 IST" skipped="0">
  <testcase classname="parameterRA.PathParamEx" name="pathParamTest" time="1.693"/>
  <system-out/>
</testsuite> <!-- parameterRA.PathParamEx -->
