<?xml version="1.0" encoding="UTF-8"?>
<!-- Generated by org.testng.reporters.JUnitReportReporter -->
<testsuite hostname="LAPTOP-IFJDGCLM" failures="0" tests="1" name="fourWaysToHandlePostReq.UsingExternalFile" time="2.237" errors="0" timestamp="2023-01-10T10:48:50 IST" skipped="0">
  <testcase classname="fourWaysToHandlePostReq.UsingExternalFile" name="postUsingExFile" time="2.237"/>
  <system-out/>
</testsuite> <!-- fourWaysToHandlePostReq.UsingExternalFile -->
