<?xml version="1.0" encoding="UTF-8"?>
<!-- Generated by org.testng.reporters.JUnitReportReporter -->
<testsuite hostname="LAPTOP-IFJDGCLM" failures="0" tests="1" name="practice.StrEx" time="0.002" errors="0" timestamp="2023-01-10T10:35:00 IST" skipped="0">
  <testcase classname="practice.StrEx" name="test3" time="0.002"/>
  <system-out/>
</testsuite> <!-- practice.StrEx -->
