<?xml version="1.0" encoding="UTF-8"?>
<!-- Generated by org.testng.reporters.JUnitReportReporter -->
<testsuite hostname="LAPTOP-IFJDGCLM" failures="0" tests="2" name="practice.Prac1" time="0.015" errors="0" timestamp="2023-01-10T10:35:00 IST" skipped="0">
  <testcase classname="practice.Prac1" name="pT" time="0.011"/>
  <system-out/>
  <testcase classname="practice.Prac1" name="pT1" time="0.004"/>
  <system-out/>
</testsuite> <!-- practice.Prac1 -->
