<?xml version="1.0" encoding="UTF-8"?>
<!-- Generated by org.testng.reporters.JUnitReportReporter -->
<testsuite hostname="LAPTOP-IFJDGCLM" failures="0" tests="1" name="practice.UpdateProj" time="2.570" errors="0" timestamp="2023-01-09T14:33:50 IST" skipped="0">
  <testcase classname="practice.UpdateProj" name="updateProjTest" time="2.570"/>
  <system-out/>
</testsuite> <!-- practice.UpdateProj -->
