<?xml version="1.0" encoding="UTF-8"?>
<!-- Generated by org.testng.reporters.JUnitReportReporter -->
<testsuite hostname="LAPTOP-IFJDGCLM" failures="0" tests="1" name="practice.Test1" time="2.081" errors="0" timestamp="2023-01-09T12:38:43 IST" skipped="0">
  <testcase classname="practice.Test1" name="postEg" time="2.081"/>
  <system-out/>
</testsuite> <!-- practice.Test1 -->
