<?xml version="1.0" encoding="UTF-8"?>
<!-- Generated by org.testng.reporters.JUnitReportReporter -->
<testsuite hostname="LAPTOP-IFJDGCLM" failures="0" tests="1" name="practice.GetAllProjects" time="3.110" errors="0" timestamp="2023-01-09T13:08:35 IST" skipped="0">
  <testcase classname="practice.GetAllProjects" name="getAllProjectsTest" time="3.110"/>
  <system-out/>
</testsuite> <!-- practice.GetAllProjects -->
