<?xml version="1.0" encoding="UTF-8"?>
<!-- Generated by org.testng.reporters.JUnitReportReporter -->
<testsuite hostname="LAPTOP-IFJDGCLM" failures="0" tests="1" name="apiPracRegress.ApiTestRegGet" time="3.184" errors="0" timestamp="2023-02-16T11:54:18 IST" skipped="0">
  <testcase classname="apiPracRegress.ApiTestRegGet" name="test_GetSingle" time="3.184"/>
  <system-out/>
</testsuite> <!-- apiPracRegress.ApiTestRegGet -->
