<?xml version="1.0" encoding="UTF-8"?>
<!-- Generated by org.testng.reporters.JUnitReportReporter -->
<testsuite hostname="LAPTOP-IFJDGCLM" failures="0" tests="1" name="validation.DynamicValidation" time="3.994" errors="0" timestamp="2023-01-10T16:37:16 IST" skipped="0">
  <testcase classname="validation.DynamicValidation" name="dynamicTest" time="3.994"/>
  <system-out/>
</testsuite> <!-- validation.DynamicValidation -->
