<?xml version="1.0" encoding="UTF-8"?>
<!-- Generated by org.testng.reporters.JUnitReportReporter -->
<testsuite hostname="LAPTOP-IFJDGCLM" failures="0" tests="1" name="serialisationDesiarilsation.SerialisationUsingArr" time="0.176" errors="0" timestamp="2023-01-27T11:16:07 IST" skipped="0">
  <testcase classname="serialisationDesiarilsation.SerialisationUsingArr" name="arrTest" time="0.176"/>
  <system-out/>
</testsuite> <!-- serialisationDesiarilsation.SerialisationUsingArr -->
