<?xml version="1.0" encoding="UTF-8"?>
<!-- Generated by org.testng.reporters.JUnitReportReporter -->
<testsuite hostname="LAPTOP-IFJDGCLM" failures="0" tests="1" name="apiPracRegress.ApiTest" time="3.202" errors="0" timestamp="2023-02-16T11:42:02 IST" skipped="0">
  <testcase classname="apiPracRegress.ApiTest" name="apitest" time="3.202"/>
  <system-out/>
</testsuite> <!-- apiPracRegress.ApiTest -->
