<?xml version="1.0" encoding="UTF-8"?>
<!-- Generated by org.testng.reporters.JUnitReportReporter -->
<testsuite hostname="LAPTOP-IFJDGCLM" failures="0" tests="2" name="serialisationDesiarilsation.SerialisationEx" time="0.238" errors="0" timestamp="2023-01-27T10:24:47 IST" skipped="0">
  <testcase classname="serialisationDesiarilsation.SerialisationEx" name="serialiseTest" time="0.031"/>
  <system-out/>
  <testcase classname="serialisationDesiarilsation.SerialisationEx" name="deserialiseTest" time="0.207"/>
  <system-out/>
</testsuite> <!-- serialisationDesiarilsation.SerialisationEx -->
