<?xml version="1.0" encoding="UTF-8"?>
<!-- Generated by org.testng.reporters.JUnitReportReporter -->
<testsuite hostname="LAPTOP-IFJDGCLM" failures="0" tests="1" name="dataDrivenTesting.RequestChaining" time="3.103" errors="0" timestamp="2023-01-11T12:17:12 IST" skipped="0">
  <testcase classname="dataDrivenTesting.RequestChaining" name="requestChainingTest" time="3.103"/>
  <system-out/>
</testsuite> <!-- dataDrivenTesting.RequestChaining -->
