<?xml version="1.0" encoding="UTF-8"?>
<!-- Generated by org.testng.reporters.JUnitReportReporter -->
<testsuite hostname="LAPTOP-IFJDGCLM" failures="0" tests="1" name="practice.DeleteProject" time="1.947" errors="0" timestamp="2023-01-09T13:25:33 IST" skipped="0">
  <testcase classname="practice.DeleteProject" name="deleteProject" time="1.947"/>
  <system-out/>
</testsuite> <!-- practice.DeleteProject -->
