<?xml version="1.0" encoding="UTF-8"?>
<!-- Generated by org.testng.reporters.JUnitReportReporter -->
<testsuite hostname="LAPTOP-IFJDGCLM" failures="0" tests="1" name="authentication.Oauth2" time="2.691" errors="0" timestamp="2023-01-11T15:45:27 IST" skipped="0">
  <testcase classname="authentication.Oauth2" name="Oauth2Test" time="2.691"/>
  <system-out/>
</testsuite> <!-- authentication.Oauth2 -->
