<?xml version="1.0" encoding="UTF-8"?>
<!-- Generated by org.testng.reporters.JUnitReportReporter -->
<testsuite hostname="LAPTOP-IFJDGCLM" failures="0" tests="1" name="serialisationDesiarilsation.DeserialisationComplex" time="0.325" errors="0" timestamp="2023-02-07T13:21:53 IST" skipped="0">
  <testcase classname="serialisationDesiarilsation.DeserialisationComplex" name="testComplex" time="0.325"/>
  <system-out/>
</testsuite> <!-- serialisationDesiarilsation.DeserialisationComplex -->
