<?xml version="1.0" encoding="UTF-8"?>
<!-- Generated by org.testng.reporters.JUnitReportReporter -->
<testsuite hostname="LAPTOP-IFJDGCLM" failures="0" tests="1" name="fourWaysToHandlePostReq.UsingJsonObject" time="2.788" errors="0" timestamp="2023-01-10T10:45:06 IST" skipped="0">
  <testcase classname="fourWaysToHandlePostReq.UsingJsonObject" name="postUsingJsonObjectTest" time="2.788"/>
  <system-out/>
</testsuite> <!-- fourWaysToHandlePostReq.UsingJsonObject -->
