<?xml version="1.0" encoding="UTF-8"?>
<!-- Generated by org.testng.reporters.JUnitReportReporter -->
<testsuite hostname="LAPTOP-IFJDGCLM" failures="0" tests="1" name="fourWaysToHandlePostReq.PojoClass" time="5.424" errors="0" timestamp="2023-01-16T10:17:09 IST" skipped="0">
  <testcase classname="fourWaysToHandlePostReq.PojoClass" name="createBojoObj" time="5.424"/>
  <system-out/>
</testsuite> <!-- fourWaysToHandlePostReq.PojoClass -->
