<?xml version="1.0" encoding="UTF-8"?>
<!-- Generated by org.testng.reporters.JUnitReportReporter -->
<testsuite hostname="LAPTOP-IFJDGCLM" failures="0" tests="1" name="dataDrivenTesting.DataDrivenEx" time="2.752" errors="0" timestamp="2023-01-11T12:29:39 IST" skipped="0">
  <testcase classname="dataDrivenTesting.DataDrivenEx" name="postReq" time="2.752"/>
  <system-out/>
</testsuite> <!-- dataDrivenTesting.DataDrivenEx -->
