<?xml version="1.0" encoding="UTF-8"?>
<!-- Generated by org.testng.reporters.JUnitReportReporter -->
<testsuite hostname="LAPTOP-IFJDGCLM" failures="0" tests="1" name="validation.StaticValidation" time="3.980" errors="0" timestamp="2023-01-10T16:23:05 IST" skipped="0">
  <testcase classname="validation.StaticValidation" name="staticTest" time="3.980"/>
  <system-out/>
</testsuite> <!-- validation.StaticValidation -->
