<?xml version="1.0" encoding="UTF-8"?>
<!-- Generated by org.testng.reporters.JUnitReportReporter -->
<testsuite hostname="LAPTOP-IFJDGCLM" failures="0" tests="1" name="bddPrac.DeleteProject" time="2.117" errors="0" timestamp="2023-01-09T16:08:23 IST" skipped="0">
  <testcase classname="bddPrac.DeleteProject" name="updateProjectTest" time="2.117"/>
  <system-out/>
</testsuite> <!-- bddPrac.DeleteProject -->
