<?xml version="1.0" encoding="UTF-8"?>
<!-- Generated by org.testng.reporters.JUnitReportReporter -->
<testsuite hostname="LAPTOP-IFJDGCLM" failures="0" tests="1" name="authentication.BearerToken" time="8.490" errors="0" timestamp="2023-01-11T15:10:56 IST" skipped="0">
  <testcase classname="authentication.BearerToken" name="bearerTokenTest" time="8.490"/>
  <system-out/>
</testsuite> <!-- authentication.BearerToken -->
