<?xml version="1.0" encoding="UTF-8"?>
<!-- Generated by org.testng.reporters.JUnitReportReporter -->
<testsuite hostname="LAPTOP-IFJDGCLM" failures="0" tests="1" name="bddPrac.GetSingleProjectBDD" time="1.806" errors="0" timestamp="2023-01-11T12:18:39 IST" skipped="0">
  <testcase classname="bddPrac.GetSingleProjectBDD" name="getSingleProjectTest" time="1.806"/>
  <system-out/>
</testsuite> <!-- bddPrac.GetSingleProjectBDD -->
