<?xml version="1.0" encoding="UTF-8"?>
<!-- Generated by org.testng.reporters.JUnitReportReporter -->
<testsuite hostname="LAPTOP-IFJDGCLM" failures="0" tests="1" name="bddPrac.UpdateProject" time="2.469" errors="0" timestamp="2023-01-09T16:05:24 IST" skipped="0">
  <testcase classname="bddPrac.UpdateProject" name="updateProjectTest" time="2.469"/>
  <system-out/>
</testsuite> <!-- bddPrac.UpdateProject -->
