<?xml version="1.0" encoding="UTF-8"?>
<!-- Generated by org.testng.reporters.JUnitReportReporter -->
<testsuite hostname="LAPTOP-IFJDGCLM" failures="0" tests="1" name="bddPrac.PostBDD" time="2.367" errors="0" timestamp="2023-01-16T12:02:55 IST" skipped="0">
  <testcase classname="bddPrac.PostBDD" name="createProject" time="2.367"/>
  <system-out/>
</testsuite> <!-- bddPrac.PostBDD -->
