<?xml version="1.0" encoding="UTF-8"?>
<!-- Generated by org.testng.reporters.JUnitReportReporter -->
<testsuite hostname="LAPTOP-IFJDGCLM" failures="0" tests="3" name="authentication.BasicAuth" time="2.456" errors="0" timestamp="2023-01-11T14:46:00 IST" skipped="0">
  <testcase classname="authentication.BasicAuth" name="basicAuthTest" time="2.120"/>
  <system-out/>
  <testcase classname="authentication.BasicAuth" name="basicPreEmptiveAuthTest" time="0.181"/>
  <system-out/>
  <testcase classname="authentication.BasicAuth" name="basicDigestiveAuthTest" time="0.155"/>
  <system-out/>
</testsuite> <!-- authentication.BasicAuth -->
